<?xml version="1.0" encoding="UTF-8"?>
<!-- Generated by org.testng.reporters.JUnitXMLReporter -->
<testsuite hostname="sayoghos" name="Test" tests="4" failures="0" timestamp="14 Jan 2016 06:26:09 GMT" time="26.062" errors="0">
  <testcase name="app_signin" time="1.192" classname="pack1.MavenGitTest"/>
  <testcase name="app_login" time="2.196" classname="pack1.MavenGitTest"/>
  <testcase name="app_authorizetoconsent" time="14.669" classname="pack1.MavenGitTest"/>
  <testcase name="app_homepage" time="0.072" classname="pack1.MavenGitTest"/>
</testsuite> <!-- Test -->
