<?xml version="1.0" encoding="UTF-8"?>
<!-- Generated by org.testng.reporters.JUnitXMLReporter -->
<testsuite hostname="sayoghos" name="Test" tests="4" failures="0" timestamp="14 Jan 2016 13:10:15 GMT" time="49.707" errors="0">
  <testcase name="app_signin" time="1.488" classname="pack1.MavenGitTest"/>
  <testcase name="app_login" time="2.257" classname="pack1.MavenGitTest"/>
  <testcase name="app_authorizetoconsent" time="34.959" classname="pack1.MavenGitTest"/>
  <testcase name="app_homepage" time="0.132" classname="pack1.MavenGitTest"/>
</testsuite> <!-- Test -->
