<?xml version="1.0" encoding="UTF-8"?>
<testng-results skipped="0" failed="0" total="0" passed="0">
  <reporter-output>
    <line>
      <![CDATA[Application Lauched Successfully | ]]>
    </line>
  </reporter-output>
  <suite name="Suite" duration-ms="7369" started-at="2016-01-06T03:33:09Z" finished-at="2016-01-06T03:33:16Z">
    <groups>
    </groups>
    <test name="Test" duration-ms="7369" started-at="2016-01-06T03:33:09Z" finished-at="2016-01-06T03:33:16Z">
      <class name="pack1.GitMavenClass">
        <test-method status="PASS" signature="launchapp()[pri:0, instance:pack1.GitMavenClass@6fa51cd4]" name="launchapp" is-config="true" duration-ms="7362" started-at="2016-01-06T09:03:09Z" finished-at="2016-01-06T09:03:16Z">
          <reporter-output>
            <line>
              <![CDATA[Application Lauched Successfully | ]]>
            </line>
          </reporter-output>
        </test-method> <!-- launchapp -->
      </class> <!-- pack1.GitMavenClass -->
    </test> <!-- Test -->
  </suite> <!-- Suite -->
</testng-results>
